<?xml version="1.0" encoding="UTF-8"?>
<!-- Generated by org.testng.reporters.JUnitXMLReporter -->
<testsuite ignored="0" hostname="Fatimas-Air" failures="0" tests="12" name="SingleTest" time="0.009" errors="0" timestamp="04 Jun 2023 01:41:00 GMT">
  <testcase classname="SeleniumAutomation.Tests.TestTo" name="@BeforeClass launchTest" time="0.001">
    <failure type="java.lang.IllegalStateException" message="The driver executable does not exist: /Users/fatimanizam/IdeaProjects/FinalProjectPt2/chromedriver">
      <![CDATA[java.lang.IllegalStateException: The driver executable does not exist: /Users/fatimanizam/IdeaProjects/FinalProjectPt2/chromedriver
at com.google.common.base.Preconditions.checkState(Preconditions.java:585)
at org.openqa.selenium.remote.service.DriverService.checkExecutable(DriverService.java:146)
at org.openqa.selenium.remote.service.DriverService.findExecutable(DriverService.java:141)
at org.openqa.selenium.chrome.ChromeDriverService.access$000(ChromeDriverService.java:35)
at org.openqa.selenium.chrome.ChromeDriverService$Builder.findDefaultExecutable(ChromeDriverService.java:159)
at org.openqa.selenium.remote.service.DriverService$Builder.build(DriverService.java:355)
at org.openqa.selenium.chrome.ChromeDriverService.createDefaultService(ChromeDriverService.java:94)
at org.openqa.selenium.chrome.ChromeDriver.<init>(ChromeDriver.java:123)
at SeleniumAutomation.Tests.TestTo.launchBrowser(TestTo.java:127)
at SeleniumAutomation.Tests.TestTo.launchTest(TestTo.java:42)
... Removed 28 stack frames]]>
    </failure>
  </testcase> <!-- @BeforeClass launchTest -->
  <testcase classname="SeleniumAutomation.Tests.TestTo" name="@AfterClass terminateTest" time="0.0">
    <failure type="java.lang.NullPointerException" message="Cannot invoke &amp;quot;org.openqa.selenium.WebDriver.quit()&amp;quot; because &amp;quot;SeleniumAutomation.Tests.TestTo.driver&amp;quot; is null">
      <![CDATA[java.lang.NullPointerException: Cannot invoke "org.openqa.selenium.WebDriver.quit()" because "SeleniumAutomation.Tests.TestTo.driver" is null
at SeleniumAutomation.Tests.TestTo.terminateTest(TestTo.java:118)
... Removed 28 stack frames]]>
    </failure>
  </testcase> <!-- @AfterClass terminateTest -->
  <testcase classname="SeleniumAutomation.Tests.TestTo" name="VerifyMidtransPillowHasAddedIntoCart" time="0.0">
    <skipped/>
  </testcase> <!-- VerifyMidtransPillowHasAddedIntoCart -->
  <testcase classname="SeleniumAutomation.Tests.TestTo" name="VerifyBuyNowBtnTookToShoppingCart" time="0.0">
    <skipped/>
  </testcase> <!-- VerifyBuyNowBtnTookToShoppingCart -->
  <testcase classname="SeleniumAutomation.Tests.TestTo" name="VerifyNameEmailCityAddressPhoneNumberPostalCodeIsAvailable" time="0.0">
    <skipped/>
  </testcase> <!-- VerifyNameEmailCityAddressPhoneNumberPostalCodeIsAvailable -->
  <testcase classname="SeleniumAutomation.Tests.TestTo" name="VerifyNameEmailCityAddressPhoneNumberPostalCodeIsEditable" time="0.0">
    <skipped/>
  </testcase> <!-- VerifyNameEmailCityAddressPhoneNumberPostalCodeIsEditable -->
  <testcase classname="SeleniumAutomation.Tests.TestTo" name="VerifyCheckOutBtnRedirectsToSummaryPage" time="0.0">
    <skipped/>
  </testcase> <!-- VerifyCheckOutBtnRedirectsToSummaryPage -->
  <testcase classname="SeleniumAutomation.Tests.TestTo" name="VerifyAllInfoAboutOrderIsVisibleOnSummaryPopUp" time="0.0">
    <skipped/>
  </testcase> <!-- VerifyAllInfoAboutOrderIsVisibleOnSummaryPopUp -->
  <testcase classname="SeleniumAutomation.Tests.TestTo" name="VerifyAllPaymentMethodsListedOnSummaryPage" time="0.0">
    <skipped/>
  </testcase> <!-- VerifyAllPaymentMethodsListedOnSummaryPage -->
  <testcase classname="SeleniumAutomation.Tests.TestTo" name="VerifyCickingOnCreditOrDebitCardRedirectToCardDetails" time="0.0">
    <skipped/>
  </testcase> <!-- VerifyCickingOnCreditOrDebitCardRedirectToCardDetails -->
  <testcase classname="SeleniumAutomation.Tests.TestTo" name="VerifyOrderAmountOnCreditCardScreen" time="0.0">
    <skipped/>
  </testcase> <!-- VerifyOrderAmountOnCreditCardScreen -->
  <testcase classname="SeleniumAutomation.Tests.TestTo" name="VerifyCardDetailsAreEditable" time="0.0">
    <skipped/>
  </testcase> <!-- VerifyCardDetailsAreEditable -->
  <testcase classname="SeleniumAutomation.Tests.TestTo" name="VerifyPromoCodeBtnWorks" time="0.0">
    <skipped/>
  </testcase> <!-- VerifyPromoCodeBtnWorks -->
  <testcase classname="SeleniumAutomation.Tests.TestTo" name="VerifyClickingOnPaynowRedirectUsrtoBankPaymentScreen" time="0.0">
    <skipped/>
  </testcase> <!-- VerifyClickingOnPaynowRedirectUsrtoBankPaymentScreen -->
</testsuite> <!-- SingleTest -->
